\BOOKMARK [1][-]{section.1}{Introducci\363n}{}% 1
\BOOKMARK [1][-]{section.2}{Descripci\363n de la base}{}% 2
\BOOKMARK [1][-]{section.3}{Modelo 1}{}% 3
\BOOKMARK [2][-]{subsection.3.1}{Significaci\363n individual de los regresores}{section.3}% 4
\BOOKMARK [2][-]{subsection.3.2}{Significaci\363n global del modelo}{section.3}% 5
\BOOKMARK [2][-]{subsection.3.3}{Diagn\363stico del modelo}{section.3}% 6
\BOOKMARK [3][-]{subsubsection.3.3.1}{Normalidad de los residuos}{subsection.3.3}% 7
\BOOKMARK [3][-]{subsubsection.3.3.2}{Homoscedasticidad}{subsection.3.3}% 8
\BOOKMARK [1][-]{section.4}{Modelo 2}{}% 9
\BOOKMARK [2][-]{subsection.4.1}{Diagn\363stico del modelo}{section.4}% 10
\BOOKMARK [3][-]{subsubsection.4.1.1}{Normalidad de los residuos}{subsection.4.1}% 11
\BOOKMARK [3][-]{subsubsection.4.1.2}{Homoscedasticidad}{subsection.4.1}% 12
\BOOKMARK [1][-]{section.5}{Modelo 3}{}% 13
\BOOKMARK [2][-]{subsection.5.1}{Diagn\363stico del modelo}{section.5}% 14
\BOOKMARK [3][-]{subsubsection.5.1.1}{Normalidad de los residuos}{subsection.5.1}% 15
\BOOKMARK [3][-]{subsubsection.5.1.2}{Homoscedasticidad}{subsection.5.1}% 16
\BOOKMARK [1][-]{section.6}{Selecci\363n del modelo}{}% 17
\BOOKMARK [2][-]{subsection.6.1}{Cross-Validation}{section.6}% 18
\BOOKMARK [1][-]{section.7}{Observaciones influyentes}{}% 19
\BOOKMARK [1][-]{section.8}{Interpretaci\363n de los resultados y conclusiones}{}% 20
\BOOKMARK [1][-]{section.8}{Anexo - Modelos descartados}{}% 21
\BOOKMARK [2][-]{section*.1}{Polin\363mios de educaci\363n}{section.8}% 22
\BOOKMARK [2][-]{section*.1}{Polin\363mios de educaci\363n y gestaci\363n}{section.8}% 23
\BOOKMARK [2][-]{section*.1}{Interacci\363n entre fumadora y gestaci\363n}{section.8}% 24
\BOOKMARK [1][-]{section*.1}{Bibliograf\355a}{}% 25
